<?xml version="1.0" encoding="UTF-8"?>
<!-- Generated by org.testng.reporters.JUnitReportReporter -->
<testsuite skipped="0" hostname="DESKTOP-A02V8QA" name="testcases.MainClass" tests="1" failures="0" timestamp="2021-05-11T01:50:46 IST" time="58.356" errors="0">
  <testcase name="callAllFunctions" time="58.356" classname="testcases.MainClass"/>
</testsuite> <!-- testcases.MainClass -->
